5f6eDQN8lT5BLySqzp2FGR9GJHh2F5kmV8k8R6ClqaxTYTUbZwMXW5VqKDtrx8hMXLka0SVraQ/0AseVito+cds1fvkxXHf/UcJOpsheQiYtDjBASiZhntC24/7HPy8o41GcJPfNPRK2sd3D9p+xXiLVdDM8meU+uIkWhAW+JYxBjxWfu7NUgkhoYUIKF2tP5Y25rsw=
uiMi0xx0iV/2CZ8IZGFrm2ywosA5spTupLWepvyLBrVFr/jzHIGNCwwFXIFlf2QzFpoik8aJ0N84p8Z5SczPH7kSBuaAbmrGNT4oQFIWeX74hqu+j+/HyFvB5KRPXcWyHuGVgz5vWX46pWwzJGn9HtD5XkTNbo0sOR+tH0Mj7OIgOKmCwidDL/29oa7U
Ozk8FC7CuS+yufe5cZci7nz2i6wX3pP5OBPeACfmhs6+Q+gNPC6vZESQjOrQO8M/R2tMUz+5hJGEJMKddRaQ0rJDRoFRaW7TRgOi/bPzsnnjQlkDWsuo5hxj+PVuJ4bb+Jn3sHHnh244Fj4SVD4LQpbA7GpHhsb6FU6xk/kw5b1aRHEhe0qgnatzABPnhgTZUvOaFUPm7oXgtHMSs9QHYxP/fV/SGp5EF3L8W/3XQ8Gfruo=
WTix1p+weaQsSJVnOHVKxfqWmuTT9mkpU7qcfoHrixGDigcd87ikQFU7R1/EYVsbeycDmQFdCTxWQJsgnPV+LczNqkRoY4CX3Iaq0biI1vL90PRaxx+0Wmfq1mePxrvzrZ6y6xPHU0EDYqpZZ93MUNw6sFh59q/2+SMm+faa2q9FJAPMq6qu0Q==
Wz2x3PQZlkfA3SsoHg49TZjw07PMFvHARb/JKCwcAJbS56n5q0OgU4mfqy1bTtexWy0k3O2ft5MMVTtnYyMTdemJSWAuJCusFAHekZSJ+mhAd4CL5KLanfA8Ng5lVGQ2r0t0hp8O5muHspvPdVpiR7tT0927xlqVr+msLMQ+oLSRIu+qgUeWdX5uehMdYFPgg76uzQ==
+I5ZeV7DW3w8y7USJCcjqZjw07PMFvHARb/JKCwcAJbS9qH3rUyhAYmfqy1bTtexWyIk3O2ft5MMVTtnYyMTdemJSWAuJCusFAHekZSJ+mhAd4CL5KLanfA8Ng5lVGQ2r0t0hp8O5muHspvPdVpiR7tT0927xlqVr+msLMQ+oLSRIu+qgUeWdX5uehMdYFPgg76uzQ==
qBcr5RyiKndcHWGrbXY6EUpsm8k0MnPJcaIVEOoT2BPEWFZyRVMAKt+951Oy3wXi6a/rKRNU86kU6RbrUmOWJc8jHhF2xM/r9ptUviiD7M1yV6rzjFlD2J1XG5astspKaO5naoLA+EIrVvqi4e4la2WACdXuhAUJVzq8pb+TNEsb1qgxxnMOfe82kl3U1GcqryQrS+e/ybe+qgI8g9KIg8GHr+mLrv4=
AfVDmHY7ryNpzVIJ7i517D95bBOHbXvHNGeljpyd+xJWXydBmJmqE2YDgj3Tc1K5i0W7QzpLSKY8Y9i1zqcmm9iZl/CRZ+eu2BZe0vS+q4K2wMyq5wZmOnVOUVOZsAX9OkRRYdvKAN2LcyBTBwZkmbLz+tWjZo5FwLRT0hNUp6Mz/52fspp+BHdyHBtdV+OBv67K
wXoLWSwgopJYjtJHdBEwGhMJ8tL2klVZkK5+D2U7P0y5Xb8EdxceVBEe0bSamjl894muGxojXvWXA/YhBsU32567jO5gQyS9yrcCYxTZ20h192MmZPaCmrCOT5q6wMCyAzYicqmu7dsdIOFFdgSdmf/aBNV3U3wbw/bAAT5zdk0HFsqNHJQv2hdEg9t/P1En1gr6jMsSQNOZZ4eZs67G
L3sfH7Wc1J/5AlyLzl2cROTgigXp/llP7ywEFCsoNoCE1tMnDd+9zfsbh7Qf/x9q5RohVe/tWOfLsd95e9tNa+nGQk6TMuCTTucIM3LmxPUADWgoQiNkToaYmc7MWMvplGAzpJ41M2BLeSkgKol/kZOb94yCa3vb3Hr45EiatUDPjG2trmsKfGrlAVpb7oe8rss=
nvCuTnghsZCusV2iWMaQFl9VLmJvGJh1TcA9R7Swo5ZTP3p0AW1+QZx/MDNU8eUrFPVOhX0PfBP+aurTjtl4f8A3fvkxXHf/UcJOpsheQiYtDjBASiZhntC24/7HPy8o41GcJPfNPRK2sd3D9p+xXiLVdDM8meU+uIkWhAW+JYxBjxWfu7NUgkhoYUIKF2tP5Y25rsw=
mWYOjm1lLb7LOLj01e3iY7axfxARuJ6E5dGShGdro0Muw0rN+1NKyZpHo7Mia2DWdCMQZSYHngugGS9gaYdP/pBWFuIcXrOyrsDUmv/mjgo9DhkDMVD9bYLEKfFjaugNQzNoIy8mfGmq8+Klu0amtQh0G4J79B8zy38lD8r61tS/stQrNTf7saeu0g==
Cc7WfVQM9L1ofIGpGQq67S/PYY3MF22u3ayh/pdjg3WX95YrpbX2v0JtNnlvZVXpWdfrZYum99lLIyTU/feXe9wdey+zy7MdeQHJ6L5Mi0TESZ7ZRGHaAFB/gIP0yvp1IHR2RrW8xF4/w/QOD2ZGg1f624elskIvq1vT1auuen1/oexkFNYA3AGqbyIRLzadriY6W82Ic4iTtq7F
hUKi/JELqfWqlsouoe1jzT9jYB6FLDKPK3D8g9DCp0BURmZBmJmqE2YDgj3Tc1K5ikS7QzpLSKY8Y9i1zqcmm9iZl/CRZ+eu2BZe0vS+q4K2wMyq5wZmOnVOUVOZsAX9OkRRYdvKAN2LcyBTBwZkmbLz+tWjZo5FwLRT0hNUp6Mz/52fspp+BHdyHBtdV+OBv67K
MuQ1lOlmaNdKk+KPscDxIjrYiZjU2JM5P43TyykYda+hG8u5SgF9geJvs558MI1c/ekntgosx1PFUd/ZGW/Zh8fAsnXPKo944nLez1M+OSpTns8zmHoYgwtVPPlSqumSbgduDXWTJuMi4HJryC7gwRMQqilx80u5k3JnFUPhpSeFA+eXtPkbM+tf4xExhYnUBvi7aGztvoXcNcpM2DuA/wy+ChnIEJbabagU0vfHNLI3UvYvf957W71m0uOjn1Mp01oKkRdFjHhMQlDQSS4vHqmbBrEGghoHVdxjxBvyrrk=
D2LRmTpoz/SY40rERKtO3yHb59MvV2iTwRoq4AbqoLVNgyRBt6IQ4w1BR27aZIer9Tn/wQln2b+36FItn+JPAFKaflfDtrmSozav60gyWHs7PRzhQqLpqh4vjlUlW+abkgjS81imYHnjuMrxobsLQaMaRw1T7qMf9SsHz+Qx20tbt0OJoQ0JbPZQ27C8pf597F3qVMgzgMd8lupBmNhWot1AtEpnT7QKx/qW96+WO6ONDvL7s5dTEaNy6slHjUwA/KrwSNmmr6ZZM2Zp1spa/2W0Q9wL+q6B
AD6P+1KGhYvGCVwkrD0/nKcsX9Ti+wWnX/QmLwr+hW/0d5Rt55Grlc+U+1hHI8pIbKAOGwqvwPhAaycuYrutlbvDFzx/N+9S4y3RnY9lyD+L6c9xW5P9k2m+8oazOvBLjr+Yu5KutM0ANRhgoqv0FkZAicbskHuRFJiD7L49IzgLobmoSkGPqZOjB0Ti4+sDnCLo7GjSBbhP9N1ljmMapKq9kdK7pveErvM=
vycHQ0RUft7Qh5TGTdvToD95bBOHbXvPNnG32pGU5UBWWW4V1szYE2YDgj3Tc1K5iE+0QzpLSKY8Y9i1zqcmm9iZl/CRZ+eu2BZe0vS+q4K2wMyq5wZmOnVOUVOZsAX9OkRRYdvKAN2LcyBTBwZkmbLz+tWjZo5FwLRT0hNUp6Mz/52fspp+BHdyHBtdV+OBv67K
CIZiAWh+U8gXiODlN14Ow7b6gAu7lBxS8yxXHhcocsXQlZZzSLu9zfsbh7Qf/x9t4hQhVe/tWOfLsd95e9tNa+nGQk6TMuCTTucIM3LmxPUADWgoQiNkToaYmc7MWMvplGAzpJ41M2BLeSkgKol/kZOb94yCa3vb3Hr45EiatUDPjG2trmsKfGrlAVpb7oe8rss=
KciNpQYjr5N4ce0k6DvpHuaMhJGU248DHdu12dtPz/BPW7f6YoCJ8b+pELPrpdd9a/9lP6mS6uoDtmgH7rNAdyLC7OEAGUAMEmcsGiYMEUpc/GO91DQbgI4xO3RrLWFkei3XBRMPXyjSLzOP/G7w4Fi+nRSP2MUJPu+C6MqxSR4Lyq+ort8=
uEjNC+3El4/8LUYDKmuZTQMWESd+Ja6BTN+gsyRRVevkFVqCY28MU07KGlMeeSg/kBdO+cG8p78Bot4meL6y5h0uIEBaBlFeIFZTfldff2gzsWwkx+1tUuYRTUMGPwEeUrVkMyx5Ff4IKWYElR71TJGvJZ/L0wRCmIjxwrp3Gw/Vramu3A==
df9KFfyVAUEMaIOdA+bVVOSMhICWzYsDHdu12dtPz/BPW7f0YoCJ8b+pELPrpdd9a/9lP6mS6uoDtmgH7rNAdyLC7OEAGUAMEmcsGiYMEUpc/GO91DQbgI4xO3RrLWFkei3XBRMPXyjSLzOP/G7w4Fi+nRSP2MUJPu+C6MqxSR4Lyq+ort8=
Wa+oS2GXEPyru2mOLqpBnAMWFzFiOK6BTN+gsyRRVevkFVSCY28MU07KGlMeeSg/kBdO+cG8p78Bot4meL6y5h0uIEBaBlFeIFZTfldff2gzsWwkx+1tUuYRTUMGPwEeUrVkMyx5Ff4IKWYElR71TJGvJZ/L0wRCmIjxwrp3Gw/Vramu3A==
JmY6ZJNCozKqkgXWnuLiFgMWFidwPa6BTN+gsyRRVevkFV2DY28MU07KGlMeeSg/kBdO+cG8p78Bot4meL6y5h0uIEBaBlFeIFZTfldff2gzsWwkx+1tUuYRTUMGPwEeUrVkMyx5Ff4IKWYElR71TJGvJZ/L0wRCmIjxwrp3Gw/Vramu3A==
QWnRfnCyriaV/KWnfoJzeRYDqJuixQ1blL0nXyVlLhDqC/cPa14fRxZIgquahix27tmuFhdMV/2QcOU/AsYx2567jO5gQyS9yrcCYxTZ20h192MmZPaCmrCOT5q6wMCyAzYicqmu7dsdIOFFdgSdmf/aBNV3U3wbw/bAAT5zdk0HFsqNHJQv2hdEg9t/P1En1gr6jMsSQNOZZ4eZs67G
WUtpBO+w+s/6WkTLixu3IFfxZUaFp39JKmIqDuYJ/RNcc6lRThZ0KpKEt+n4qUKgvRHUaTapJfLUGfYrIXQdN8enjut2R84rUBkfADnHnx4A1maCrJ5Dkr7AxLoPJj5qTY6J4+EQrQ2yxNnRMyq4rdOz2INfZkyJuvPyxYuGVhW49IsiqzTPE7p/Fe8aOoa0LzIky4V3i5G3rsI=
BbQAJsNDIjNygJgieQl53VfxZUaFp39JKmIqDuYJ/RNcc6lRThZ0KpKEt+n4qUKgvRHUaTapJfLUGfYrIXQdN8enjut2R84rUBkfADnHnx4A1maCrJ5Dkr7AxLoPJj5qTY6J4+EQrQ2yxNnRMyq4rdOz2INfZkyJuvPyxYuGVhW49IsiqzTPE794Fe0ZOoS0LzIky4V3i5G3rsI=
acDcQ+cygWIuiY2p/mSgaLM3oMTIMbe/ACmJ2j+mtobjgkOljdqks5gLgJ5kKUtE4QmP5zxwso/MFgVqFtCO0tCs3r7c6o/i81DxKUqKqipjv1p1eU8EOXBng10lWS9AvEl7i/d++g3nV2PzUDQk+IsYAGNSO5bw4wkXCuZJ
